d:\основы программной инженерии\лабораторная работа 1\helloworld\helloworld\x64\debug\vc143.pdb
d:\основы программной инженерии\лабораторная работа 1\helloworld\helloworld\x64\debug\vc143.idb
d:\основы программной инженерии\лабораторная работа 1\helloworld\helloworld\x64\debug\helloworld.obj
d:\основы программной инженерии\лабораторная работа 1\helloworld\helloworld\x64\debug\hello.obj
d:\основы программной инженерии\лабораторная работа 1\helloworld\helloworld\x64\debug\helloworld.ilk
d:\основы программной инженерии\лабораторная работа 1\helloworld\x64\debug\helloworld.pdb
d:\основы программной инженерии\лабораторная работа 1\helloworld\helloworld\x64\debug\helloworld.tlog\cl.command.1.tlog
d:\основы программной инженерии\лабораторная работа 1\helloworld\helloworld\x64\debug\helloworld.tlog\cl.items.tlog
d:\основы программной инженерии\лабораторная работа 1\helloworld\helloworld\x64\debug\helloworld.tlog\cl.read.1.tlog
d:\основы программной инженерии\лабораторная работа 1\helloworld\helloworld\x64\debug\helloworld.tlog\cl.write.1.tlog
d:\основы программной инженерии\лабораторная работа 1\helloworld\helloworld\x64\debug\helloworld.tlog\link.88268-cvtres.read.1.tlog
d:\основы программной инженерии\лабораторная работа 1\helloworld\helloworld\x64\debug\helloworld.tlog\link.88268-cvtres.write.1.tlog
d:\основы программной инженерии\лабораторная работа 1\helloworld\helloworld\x64\debug\helloworld.tlog\link.88268-rc.read.1.tlog
d:\основы программной инженерии\лабораторная работа 1\helloworld\helloworld\x64\debug\helloworld.tlog\link.88268-rc.write.1.tlog
d:\основы программной инженерии\лабораторная работа 1\helloworld\helloworld\x64\debug\helloworld.tlog\link.88268.read.1.tlog
d:\основы программной инженерии\лабораторная работа 1\helloworld\helloworld\x64\debug\helloworld.tlog\link.88268.read.2.tlog
d:\основы программной инженерии\лабораторная работа 1\helloworld\helloworld\x64\debug\helloworld.tlog\link.88268.read.3.tlog
d:\основы программной инженерии\лабораторная работа 1\helloworld\helloworld\x64\debug\helloworld.tlog\link.88268.read.4.tlog
d:\основы программной инженерии\лабораторная работа 1\helloworld\helloworld\x64\debug\helloworld.tlog\link.88268.write.1.tlog
d:\основы программной инженерии\лабораторная работа 1\helloworld\helloworld\x64\debug\helloworld.tlog\link.command.1.tlog
d:\основы программной инженерии\лабораторная работа 1\helloworld\helloworld\x64\debug\helloworld.tlog\link.read.1.tlog
d:\основы программной инженерии\лабораторная работа 1\helloworld\helloworld\x64\debug\helloworld.tlog\link.secondary.1.tlog
d:\основы программной инженерии\лабораторная работа 1\helloworld\helloworld\x64\debug\helloworld.tlog\link.write.1.tlog
